<?xml version="1.0" encoding="UTF-8"?>
<!-- Generated by org.testng.reporters.JUnitXMLReporter -->
<testsuite ignored="1" hostname="WIN-IAU3NU9P049" failures="3" tests="40" name="Admin Alert Test" time="1367.675" errors="0" timestamp="2022-01-13T16:34:50 IST">
  <testcase classname="tests.AdminAlertTest" name="testActivityLessthanXhoursInfoAlertCreated" time="30.66"/>
  <testcase classname="tests.AdminAlertTest" name="testActivityLessthanXhoursWarningAlertCreated" time="28.708"/>
  <testcase classname="tests.AdminAlertTest" name="testActivityLessthanXhoursCriticalAlertCreated" time="21.697">
    <failure type="org.openqa.selenium.StaleElementReferenceException" message="stale element reference: element is not attached to the page document
  (Session info: chrome=97.0.4692.71)
For documentation on this error, please visit: https://www.seleniumhq.org/exceptions/stale_element_reference.html
Build info: version: &amp;apos;3.141.59&amp;apos;, revision: &amp;apos;e82be7d358&amp;apos;, time: &amp;apos;2018-11-14T08:17:03&amp;apos;
System info: host: &amp;apos;WIN-IAU3NU9P049&amp;apos;, ip: &amp;apos;192.168.0.5&amp;apos;, os.name: &amp;apos;Windows 10&amp;apos;, os.arch: &amp;apos;amd64&amp;apos;, os.version: &amp;apos;10.0&amp;apos;, java.version: &amp;apos;17&amp;apos;
Driver info: org.openqa.selenium.chrome.ChromeDriver
Capabilities {acceptInsecureCerts: false, browserName: chrome, browserVersion: 97.0.4692.71, chrome: {chromedriverVersion: 96.0.4664.45 (76e4c1bb2ab46..., userDataDir: C:\Users\User\AppData\Local...}, goog:chromeOptions: {debuggerAddress: localhost:56907}, javascriptEnabled: true, networkConnectionEnabled: false, pageLoadStrategy: normal, platform: WINDOWS, platformName: WINDOWS, proxy: Proxy(), setWindowRect: true, strictFileInteractability: false, timeouts: {implicit: 0, pageLoad: 300000, script: 30000}, unhandledPromptBehavior: dismiss and notify, webauthn:extension:credBlob: true, webauthn:extension:largeBlob: true, webauthn:virtualAuthenticators: true}
Session ID: 5a8ffed0a124662cfbb548c6cb5d86b9">
      <![CDATA[org.openqa.selenium.StaleElementReferenceException: stale element reference: element is not attached to the page document
  (Session info: chrome=97.0.4692.71)
For documentation on this error, please visit: https://www.seleniumhq.org/exceptions/stale_element_reference.html
Build info: version: '3.141.59', revision: 'e82be7d358', time: '2018-11-14T08:17:03'
System info: host: 'WIN-IAU3NU9P049', ip: '192.168.0.5', os.name: 'Windows 10', os.arch: 'amd64', os.version: '10.0', java.version: '17'
Driver info: org.openqa.selenium.chrome.ChromeDriver
Capabilities {acceptInsecureCerts: false, browserName: chrome, browserVersion: 97.0.4692.71, chrome: {chromedriverVersion: 96.0.4664.45 (76e4c1bb2ab46..., userDataDir: C:\Users\User\AppData\Local...}, goog:chromeOptions: {debuggerAddress: localhost:56907}, javascriptEnabled: true, networkConnectionEnabled: false, pageLoadStrategy: normal, platform: WINDOWS, platformName: WINDOWS, proxy: Proxy(), setWindowRect: true, strictFileInteractability: false, timeouts: {implicit: 0, pageLoad: 300000, script: 30000}, unhandledPromptBehavior: dismiss and notify, webauthn:extension:credBlob: true, webauthn:extension:largeBlob: true, webauthn:virtualAuthenticators: true}
Session ID: 5a8ffed0a124662cfbb548c6cb5d86b9
at org.openqa.selenium.remote.http.W3CHttpResponseCodec.createException(W3CHttpResponseCodec.java:187)
at org.openqa.selenium.remote.http.W3CHttpResponseCodec.decode(W3CHttpResponseCodec.java:122)
at org.openqa.selenium.remote.http.W3CHttpResponseCodec.decode(W3CHttpResponseCodec.java:49)
at org.openqa.selenium.remote.HttpCommandExecutor.execute(HttpCommandExecutor.java:158)
at org.openqa.selenium.remote.service.DriverCommandExecutor.execute(DriverCommandExecutor.java:83)
at org.openqa.selenium.remote.RemoteWebDriver.execute(RemoteWebDriver.java:552)
at org.openqa.selenium.remote.RemoteWebElement.execute(RemoteWebElement.java:285)
at org.openqa.selenium.remote.RemoteWebElement.click(RemoteWebElement.java:84)
at utility.DriverPage.clickOn(DriverPage.java:155)
at pages.Admin_AlertsPage.deleteExistingAlert(Admin_AlertsPage.java:203)
at tests.AdminAlertTest.testActivityLessthanXhoursCriticalAlertCreated(AdminAlertTest.java:166)
at java.base/java.util.ArrayList.forEach(ArrayList.java:1511)
... Removed 32 stack frames]]>
    </failure>
  </testcase> <!-- testActivityLessthanXhoursCriticalAlertCreated -->
  <testcase classname="tests.AdminAlertTest" name="testCreateAnAlertOfFileOperationOnAgentsForDeleteOperation" time="33.549"/>
  <testcase classname="tests.AdminAlertTest" name="testCreateAnAlertOfFileOperationOnAgentsForReadOperation" time="31.666"/>
  <testcase classname="tests.AdminAlertTest" name="testCreateAnAlertOfFileOperationOnAgentsForCreatedOperation" time="33.13"/>
  <testcase classname="tests.AdminAlertTest" name="testCreateAnAlertOfFileOperationOnAgentsForModifiedOperation" time="32.627"/>
  <testcase classname="tests.AdminAlertTest" name="testCreateAnAlertOfNetAppQaFileOperationOnIntegratorsForDeletedOperation" time="37.338"/>
  <testcase classname="tests.AdminAlertTest" name="testCreateAnAlertOfNetAppQaFileOperationOnIntegratorsForReadOperation" time="36.697"/>
  <testcase classname="tests.AdminAlertTest" name="testCreateAnAlertOfNetAppQaFileOperationOnIntegratorsForCreatedOperation" time="38.125"/>
  <testcase classname="tests.AdminAlertTest" name="testCreateAnAlertOfNetAppQaFileOperationOnIntegratorsForModifiedOperation" time="36.879"/>
  <testcase classname="tests.AdminAlertTest" name="testCreateAnAlertFileOperationOffice365ForUploadedOperation" time="32.053">
    <failure type="org.openqa.selenium.ElementClickInterceptedException" message="element click intercepted: Element &amp;lt;button type=&amp;quot;button&amp;quot; class=&amp;quot;btn btn-outline-danger btn-sm&amp;quot;&amp;gt;...&amp;lt;/button&amp;gt; is not clickable at point (1218, 552). Other element would receive the click: &amp;lt;div data-id=&amp;quot;960c89bb-d4cc-46db-be5d-c34be370179a&amp;quot; class=&amp;quot;k-pager-wrap k-floatwrap telerik-blazor k-widget k-grid-pager&amp;quot; data-role=&amp;quot;pager&amp;quot; role=&amp;quot;navigation&amp;quot;&amp;gt;...&amp;lt;/div&amp;gt;
  (Session info: chrome=97.0.4692.71)
Build info: version: &amp;apos;3.141.59&amp;apos;, revision: &amp;apos;e82be7d358&amp;apos;, time: &amp;apos;2018-11-14T08:17:03&amp;apos;
System info: host: &amp;apos;WIN-IAU3NU9P049&amp;apos;, ip: &amp;apos;192.168.0.5&amp;apos;, os.name: &amp;apos;Windows 10&amp;apos;, os.arch: &amp;apos;amd64&amp;apos;, os.version: &amp;apos;10.0&amp;apos;, java.version: &amp;apos;17&amp;apos;
Driver info: org.openqa.selenium.chrome.ChromeDriver
Capabilities {acceptInsecureCerts: false, browserName: chrome, browserVersion: 97.0.4692.71, chrome: {chromedriverVersion: 96.0.4664.45 (76e4c1bb2ab46..., userDataDir: C:\Users\User\AppData\Local...}, goog:chromeOptions: {debuggerAddress: localhost:56907}, javascriptEnabled: true, networkConnectionEnabled: false, pageLoadStrategy: normal, platform: WINDOWS, platformName: WINDOWS, proxy: Proxy(), setWindowRect: true, strictFileInteractability: false, timeouts: {implicit: 0, pageLoad: 300000, script: 30000}, unhandledPromptBehavior: dismiss and notify, webauthn:extension:credBlob: true, webauthn:extension:largeBlob: true, webauthn:virtualAuthenticators: true}
Session ID: 5a8ffed0a124662cfbb548c6cb5d86b9">
      <![CDATA[org.openqa.selenium.ElementClickInterceptedException: element click intercepted: Element <button type="button" class="btn btn-outline-danger btn-sm">...</button> is not clickable at point (1218, 552). Other element would receive the click: <div data-id="960c89bb-d4cc-46db-be5d-c34be370179a" class="k-pager-wrap k-floatwrap telerik-blazor k-widget k-grid-pager" data-role="pager" role="navigation">...</div>
  (Session info: chrome=97.0.4692.71)
Build info: version: '3.141.59', revision: 'e82be7d358', time: '2018-11-14T08:17:03'
System info: host: 'WIN-IAU3NU9P049', ip: '192.168.0.5', os.name: 'Windows 10', os.arch: 'amd64', os.version: '10.0', java.version: '17'
Driver info: org.openqa.selenium.chrome.ChromeDriver
Capabilities {acceptInsecureCerts: false, browserName: chrome, browserVersion: 97.0.4692.71, chrome: {chromedriverVersion: 96.0.4664.45 (76e4c1bb2ab46..., userDataDir: C:\Users\User\AppData\Local...}, goog:chromeOptions: {debuggerAddress: localhost:56907}, javascriptEnabled: true, networkConnectionEnabled: false, pageLoadStrategy: normal, platform: WINDOWS, platformName: WINDOWS, proxy: Proxy(), setWindowRect: true, strictFileInteractability: false, timeouts: {implicit: 0, pageLoad: 300000, script: 30000}, unhandledPromptBehavior: dismiss and notify, webauthn:extension:credBlob: true, webauthn:extension:largeBlob: true, webauthn:virtualAuthenticators: true}
Session ID: 5a8ffed0a124662cfbb548c6cb5d86b9
at org.openqa.selenium.remote.http.W3CHttpResponseCodec.createException(W3CHttpResponseCodec.java:187)
at org.openqa.selenium.remote.http.W3CHttpResponseCodec.decode(W3CHttpResponseCodec.java:122)
at org.openqa.selenium.remote.http.W3CHttpResponseCodec.decode(W3CHttpResponseCodec.java:49)
at org.openqa.selenium.remote.HttpCommandExecutor.execute(HttpCommandExecutor.java:158)
at org.openqa.selenium.remote.service.DriverCommandExecutor.execute(DriverCommandExecutor.java:83)
at org.openqa.selenium.remote.RemoteWebDriver.execute(RemoteWebDriver.java:552)
at org.openqa.selenium.remote.RemoteWebElement.execute(RemoteWebElement.java:285)
at org.openqa.selenium.remote.RemoteWebElement.click(RemoteWebElement.java:84)
at utility.DriverPage.clickOn(DriverPage.java:155)
at pages.Admin_AlertsPage.deleteExistingAlert(Admin_AlertsPage.java:203)
at tests.AdminAlertTest.testCreateAnAlertFileOperationOffice365ForUploadedOperation(AdminAlertTest.java:608)
at java.base/java.util.ArrayList.forEach(ArrayList.java:1511)
... Removed 32 stack frames]]>
    </failure>
  </testcase> <!-- testCreateAnAlertFileOperationOffice365ForUploadedOperation -->
  <testcase classname="tests.AdminAlertTest" name="testCreateAnAlertFileOperationOffice365ForDeletedOperation" time="36.574"/>
  <testcase classname="tests.AdminAlertTest" name="testCreateAnAlertFileOperationOffice365ForRenamedOperation" time="37.525"/>
  <testcase classname="tests.AdminAlertTest" name="testCreateAnAlertFileOperationOffice365ForReadOperation" time="31.125">
    <failure type="org.openqa.selenium.ElementClickInterceptedException" message="element click intercepted: Element &amp;lt;button type=&amp;quot;button&amp;quot; class=&amp;quot;btn btn-outline-danger btn-sm&amp;quot;&amp;gt;...&amp;lt;/button&amp;gt; is not clickable at point (1218, 552). Other element would receive the click: &amp;lt;div data-id=&amp;quot;960c89bb-d4cc-46db-be5d-c34be370179a&amp;quot; class=&amp;quot;k-pager-wrap k-floatwrap telerik-blazor k-widget k-grid-pager&amp;quot; data-role=&amp;quot;pager&amp;quot; role=&amp;quot;navigation&amp;quot;&amp;gt;...&amp;lt;/div&amp;gt;
  (Session info: chrome=97.0.4692.71)
Build info: version: &amp;apos;3.141.59&amp;apos;, revision: &amp;apos;e82be7d358&amp;apos;, time: &amp;apos;2018-11-14T08:17:03&amp;apos;
System info: host: &amp;apos;WIN-IAU3NU9P049&amp;apos;, ip: &amp;apos;192.168.0.5&amp;apos;, os.name: &amp;apos;Windows 10&amp;apos;, os.arch: &amp;apos;amd64&amp;apos;, os.version: &amp;apos;10.0&amp;apos;, java.version: &amp;apos;17&amp;apos;
Driver info: org.openqa.selenium.chrome.ChromeDriver
Capabilities {acceptInsecureCerts: false, browserName: chrome, browserVersion: 97.0.4692.71, chrome: {chromedriverVersion: 96.0.4664.45 (76e4c1bb2ab46..., userDataDir: C:\Users\User\AppData\Local...}, goog:chromeOptions: {debuggerAddress: localhost:56907}, javascriptEnabled: true, networkConnectionEnabled: false, pageLoadStrategy: normal, platform: WINDOWS, platformName: WINDOWS, proxy: Proxy(), setWindowRect: true, strictFileInteractability: false, timeouts: {implicit: 0, pageLoad: 300000, script: 30000}, unhandledPromptBehavior: dismiss and notify, webauthn:extension:credBlob: true, webauthn:extension:largeBlob: true, webauthn:virtualAuthenticators: true}
Session ID: 5a8ffed0a124662cfbb548c6cb5d86b9">
      <![CDATA[org.openqa.selenium.ElementClickInterceptedException: element click intercepted: Element <button type="button" class="btn btn-outline-danger btn-sm">...</button> is not clickable at point (1218, 552). Other element would receive the click: <div data-id="960c89bb-d4cc-46db-be5d-c34be370179a" class="k-pager-wrap k-floatwrap telerik-blazor k-widget k-grid-pager" data-role="pager" role="navigation">...</div>
  (Session info: chrome=97.0.4692.71)
Build info: version: '3.141.59', revision: 'e82be7d358', time: '2018-11-14T08:17:03'
System info: host: 'WIN-IAU3NU9P049', ip: '192.168.0.5', os.name: 'Windows 10', os.arch: 'amd64', os.version: '10.0', java.version: '17'
Driver info: org.openqa.selenium.chrome.ChromeDriver
Capabilities {acceptInsecureCerts: false, browserName: chrome, browserVersion: 97.0.4692.71, chrome: {chromedriverVersion: 96.0.4664.45 (76e4c1bb2ab46..., userDataDir: C:\Users\User\AppData\Local...}, goog:chromeOptions: {debuggerAddress: localhost:56907}, javascriptEnabled: true, networkConnectionEnabled: false, pageLoadStrategy: normal, platform: WINDOWS, platformName: WINDOWS, proxy: Proxy(), setWindowRect: true, strictFileInteractability: false, timeouts: {implicit: 0, pageLoad: 300000, script: 30000}, unhandledPromptBehavior: dismiss and notify, webauthn:extension:credBlob: true, webauthn:extension:largeBlob: true, webauthn:virtualAuthenticators: true}
Session ID: 5a8ffed0a124662cfbb548c6cb5d86b9
at org.openqa.selenium.remote.http.W3CHttpResponseCodec.createException(W3CHttpResponseCodec.java:187)
at org.openqa.selenium.remote.http.W3CHttpResponseCodec.decode(W3CHttpResponseCodec.java:122)
at org.openqa.selenium.remote.http.W3CHttpResponseCodec.decode(W3CHttpResponseCodec.java:49)
at org.openqa.selenium.remote.HttpCommandExecutor.execute(HttpCommandExecutor.java:158)
at org.openqa.selenium.remote.service.DriverCommandExecutor.execute(DriverCommandExecutor.java:83)
at org.openqa.selenium.remote.RemoteWebDriver.execute(RemoteWebDriver.java:552)
at org.openqa.selenium.remote.RemoteWebElement.execute(RemoteWebElement.java:285)
at org.openqa.selenium.remote.RemoteWebElement.click(RemoteWebElement.java:84)
at utility.DriverPage.clickOn(DriverPage.java:155)
at pages.Admin_AlertsPage.deleteExistingAlert(Admin_AlertsPage.java:203)
at tests.AdminAlertTest.testCreateAnAlertFileOperationOffice365ForReadOperation(AdminAlertTest.java:760)
at java.base/java.util.ArrayList.forEach(ArrayList.java:1511)
... Removed 32 stack frames]]>
    </failure>
  </testcase> <!-- testCreateAnAlertFileOperationOffice365ForReadOperation -->
  <testcase classname="tests.AdminAlertTest" name="testCreateAnAlertFileOperationOffice365ForModifiedOperation" time="37.413"/>
  <testcase classname="tests.AdminAlertTest" name="testCreateAnAlertOfFileOperationOnAgentsForRenamedOperation" time="33.257"/>
  <testcase classname="tests.AdminAlertTest" name="testCreateAnAlertOfFileOperationOnIntegratorWindowServerAgentDeletedOperationAlert" time="35.326"/>
  <testcase classname="tests.AdminAlertTest" name="testCreateAnAlertOfFileOperationOnIntegratorWindowServerAgentasReadOperationAlert" time="35.229"/>
  <testcase classname="tests.AdminAlertTest" name="testCreateAnAlertOfFileOperationOnIntegratorWindowServerAgentasCreatedOperationAlert" time="35.793"/>
  <testcase classname="tests.AdminAlertTest" name="testCreateAnAlertOfFileOperationOnIntegratorWindowServerAgentasModifiedOperationAlert" time="35.77"/>
  <testcase classname="tests.AdminAlertTest" name="testUserIsAbleToFilterAlertWithNameContains" time="29.644"/>
  <testcase classname="tests.AdminAlertTest" name="testUserIsAbleToFilterAlertWithNameEquals" time="29.562"/>
  <testcase classname="tests.AdminAlertTest" name="testUserIsAbleToFilterAlertWithNameStartWith" time="29.427"/>
  <testcase classname="tests.AdminAlertTest" name="testUserIsAbleToFilterAlertByIntegrationNameActivityLessThanXHours" time="25.397"/>
  <testcase classname="tests.AdminAlertTest" name="testUserIsAbleToFilterAlertByIntegrationNameFileOperationOnAgents" time="25.332"/>
  <testcase classname="tests.AdminAlertTest" name="testUserIsAbleToFilterAlertByIntegrationNameFileOperationOnIntegrators" time="25.445"/>
  <testcase classname="tests.AdminAlertTest" name="testUserIsAbleToFilterAlertBySeverityAsCritical" time="25.446"/>
  <testcase classname="tests.AdminAlertTest" name="testUserIsAbleToFilterAlertBySeverityAsInfo" time="25.414"/>
  <testcase classname="tests.AdminAlertTest" name="testUserIsAbleToFilterAlertBySeverityAsWarning" time="25.577"/>
  <testcase classname="tests.AdminAlertTest" name="testUserIsAbleToFilterAlertByNameWithContainAndIntegrationAsActivityLessThanXHours" time="32.968"/>
  <testcase classname="tests.AdminAlertTest" name="testUserIsAbleToFilterAlertContainsQAInIntegrators" time="29.621"/>
  <testcase classname="tests.AdminAlertTest" name="testNoItemsIsDisplayedWhenUserApplyFilterWithUnmatchedKeywordAndContainsConditionForIntegratorsFields" time="28.423"/>
  <testcase classname="tests.AdminAlertTest" name="testUserIsAbleToFilterAlertEqualsToNetAppQAInIntegrators" time="29.574"/>
  <testcase classname="tests.AdminAlertTest" name="testNoItemsIsDisplayedWhenUserApplyFilterWithQAKeywordAndEqualsConditionForIntegratorsFields" time="28.458"/>
  <testcase classname="tests.AdminAlertTest" name="testNoItemsIsDisplayedWhenUserApplyFilterWithnetaapKeywordAndStarWithConditionForIntegratorsFields" time="29.63"/>
  <testcase classname="tests.AdminAlertTest" name="testUserIsAbleToFilterAlertByNameTypeAndIntegration" time="70.5"/>
  <testcase classname="tests.AdminAlertTest" name="testUserIsAbleToFilterAlertByNameTypeIntegrationAndSeverity" time="44.377"/>
  <testcase classname="tests.AdminAlertTest" name="testUserIsAbleToGetResetDefaultValueWhenClickedOnClearButtonOnFilterPoUp" time="50.519"/>
  <testcase classname="tests.AdminAlertTest" name="testUserIsAbleToEditExistingAlert" time="33.387"/>
  <testcase classname="tests.AdminAlertTest" name="testUserIsAbleToSerachAlertByIntegrationNameActivityLessThanXHoursAlertPage" time="0.0">
    <ignored/>
  </testcase> <!-- testUserIsAbleToSerachAlertByIntegrationNameActivityLessThanXHoursAlertPage -->
</testsuite> <!-- Admin Alert Test -->
