<?xml version="1.0" encoding="UTF-8"?>
<!-- Generated by org.testng.reporters.JUnitXMLReporter -->
<testsuite ignored="0" hostname="WIN-IAU3NU9P049" failures="1" tests="2" name="Admin Manage Alert Test" time="12.697" errors="0" timestamp="04 Jan 2022 05:52:02 GMT">
  <testcase classname="tests.Admin_Manage_Alert" name="@BeforeTest initForAlerts" time="12.588">
    <failure type="java.lang.NullPointerException" message="Cannot invoke &amp;quot;com.aventstack.extentreports.ExtentTest.log(com.aventstack.extentreports.Status, String)&amp;quot; because &amp;quot;utility.ReporterClass.test&amp;quot; is null">
      <![CDATA[java.lang.NullPointerException: Cannot invoke "com.aventstack.extentreports.ExtentTest.log(com.aventstack.extentreports.Status, String)" because "utility.ReporterClass.test" is null
at utility.ReporterClass.log(ReporterClass.java:70)
at utility.ExecutionLog.log(ExecutionLog.java:35)
at pages.LoginPage.enterUserName(LoginPage.java:23)
at pages.LoginPage.loginIntoApplication(LoginPage.java:43)
at tests.Admin_Manage_Alert.initForAlerts(Admin_Manage_Alert.java:33)
... Removed 24 stack frames]]>
    </failure>
  </testcase> <!-- @BeforeTest initForAlerts -->
  <testcase classname="tests.Admin_Manage_Alert" name="@AfterTest closeBrowser" time="0.0">
    <skipped/>
  </testcase> <!-- @AfterTest closeBrowser -->
  <testcase classname="tests.Admin_Manage_Alert" name="testActivityLessthanXhoursInfoAlertCreated" time="0.0">
    <skipped/>
  </testcase> <!-- testActivityLessthanXhoursInfoAlertCreated -->
  <testcase classname="tests.Admin_Manage_Alert" name="testActivityLessthanXhoursInfoAlertCreated" time="0.035">
    <failure type="java.lang.NullPointerException" message="Cannot invoke &amp;quot;com.aventstack.extentreports.ExtentTest.skip(String, com.aventstack.extentreports.MediaEntityModelProvider)&amp;quot; because &amp;quot;utility.ReporterClass.test&amp;quot; is null">
      <![CDATA[java.lang.NullPointerException: Cannot invoke "com.aventstack.extentreports.ExtentTest.skip(String, com.aventstack.extentreports.MediaEntityModelProvider)" because "utility.ReporterClass.test" is null
at utility.ReporterClass.skip(ReporterClass.java:66)
at utility.TestListener.onTestSkipped(TestListener.java:58)
... Removed 23 stack frames]]>
    </failure>
  </testcase> <!-- testActivityLessthanXhoursInfoAlertCreated -->
</testsuite> <!-- Admin Manage Alert Test -->
